<?xml version="1.0" encoding="UTF-8"?>
<!-- Generated by org.testng.reporters.JUnitReportReporter -->
<testsuite hostname="aayarkar" failures="0" tests="1" name="utilities.BaseClass" time="12.015" errors="0" timestamp="2024-06-09T01:53:56 IST" skipped="0">
  <testcase classname="utilities.BaseClass" name="driver_initilazation" time="12.015"/>
</testsuite> <!-- utilities.BaseClass -->
